#######################################################################################
"/dev3_nginx_1"
#######################################################################################
#######################################################################################











#######################################################################################
"/dev3_pile_1"
#######################################################################################
#######################################################################################
2016-02-02T02:13:16 |     Pile Debug mode\n
2016-02-02T02:13:16 |     \u001b[33m[nodemon] 1.8.1\u001b[39m\n
2016-02-02T02:13:16 |     \u001b[33m[nodemon] to restart at any time, enter `rs`\u001b[39m\n
2016-02-02T02:13:16 |     \u001b[33m[nodemon] watching: *.*\u001b[39m\n
2016-02-02T02:13:16 |     \u001b[32m[nodemon] starting `node src/pile.js`\u001b[39m\n
2016-02-02T02:13:17 |     PostGIS tileserver is up @ 3003\n
2016-02-02T02:13:17 |     Cluster...8\n
2016-02-02T02:13:18 |     ...clustering!\n
2016-02-02T02:13:18 |     ...clustering!\n
2016-02-02T02:13:18 |     ...clustering!\n
2016-02-02T02:13:18 |     ...clustering!\n
2016-02-02T02:13:18 |     ...clustering!\n
2016-02-02T02:13:18 |     ...clustering!\n











#######################################################################################
"/dev3_wu_1"
#######################################################################################
#######################################################################################
2016-02-02T02:13:12 |     Development mode\n
2016-02-02T02:13:13 |     \u001b[4mRunning \dev\ task\u001b[24m\n
2016-02-02T02:13:13 |     \n
2016-02-02T02:13:13 |     \u001b[4mRunning \sass:dev\ (sass) task\u001b[24m\n
2016-02-02T02:13:13 |     \n
2016-02-02T02:13:13 |     \u001b[4mRunning \concat:cssDependencies\ (concat) task\u001b[24m\n
2016-02-02T02:13:13 |     File public/dist/tmp/css.dependencies.css created.\n
2016-02-02T02:13:13 |     \n
2016-02-02T02:13:13 |     \u001b[4mRunning \cssmin:cssDependencies\ (cssmin) task\u001b[24m\n
2016-02-02T02:13:13 |     \u001b[32m>> \u001b[39m1 file created. 183.38 kB → 158.01 kB\n
2016-02-02T02:13:13 |     \n
2016-02-02T02:13:13 |     \u001b[4mRunning \concat:cssDepAddToMinified\ (concat) task\u001b[24m\n
2016-02-02T02:13:13 |     File public/dist/css.dependencies.min.css created.\n
2016-02-02T02:13:13 |     \n
2016-02-02T02:13:13 |     \u001b[4mRunning \env:dev\ (env) task\u001b[24m\n
2016-02-02T02:13:13 |     \n
2016-02-02T02:13:13 |     \u001b[4mRunning \preprocess:dev\ (preprocess) task\u001b[24m\n
2016-02-02T02:13:13 |     \n
2016-02-02T02:13:13 |     \u001b[4mRunning \login\ task\u001b[24m\n
2016-02-02T02:13:13 |     \n
2016-02-02T02:13:13 |     \u001b[4mRunning \concat:cssLogin\ (concat) task\u001b[24m\n
2016-02-02T02:13:13 |     File public/dist/tmp/css.login.combined.css created.\n
2016-02-02T02:13:13 |     \n
2016-02-02T02:13:13 |     \u001b[4mRunning \cssmin:cssLogin\ (cssmin) task\u001b[24m\n
2016-02-02T02:13:13 |     \u001b[32m>> \u001b[39m1 file created. 3 kB → 2.12 kB\n
2016-02-02T02:13:13 |     \n
2016-02-02T02:13:13 |     \u001b[4mRunning \concat:jsLogin\ (concat) task\u001b[24m\n
2016-02-02T02:13:13 |     File public/dist/tmp/login.combined.js created.\n
2016-02-02T02:13:13 |     \n
2016-02-02T02:13:13 |     \u001b[4mRunning \uglify:jsLogin\ (uglify) task\u001b[24m\n
2016-02-02T02:13:14 |     \u001b[32m>> \u001b[39m1 file created.\n
2016-02-02T02:13:14 |     \n
2016-02-02T02:13:14 |     \u001b[4mRunning \preprocess:login\ (preprocess) task\u001b[24m\n
2016-02-02T02:13:14 |     \n
2016-02-02T02:13:14 |     \u001b[32mDone, without errors.\u001b[39m\n
2016-02-02T02:13:14 |     Running dev mode...\n
2016-02-02T02:13:14 |     \u001b[33m[nodemon] 1.8.1\u001b[39m\n
2016-02-02T02:13:14 |     \u001b[33m[nodemon] to restart at any time, enter `rs`\u001b[39m\n
2016-02-02T02:13:14 |     \u001b[33m[nodemon] watching: /systemapic/dev/api/**/* /systemapic/dev/config/**/* server.js /systemapic/dev/routes/**/*\u001b[39m\n
2016-02-02T02:13:14 |     \u001b[32m[nodemon] starting `node server.js`\u001b[39m\n
2016-02-02T02:13:14 |     \u001b[4mRunning \watch\ task\u001b[24m\n
2016-02-02T02:13:14 |     Waiting...\n
2016-02-02T02:13:15 |     [ 'Systemapic API version is ', '1.3.7' ]\n
2016-02-02T02:13:15 |     [ 'The magic happens @ ', 3001 ]\n
2016-02-02T02:13:15 |     \n
2016-02-02T02:13:15 |     /systemapic/dev/node_modules/mongoose/node_modules/mongodb/lib/utils.js:98\n
2016-02-02T02:13:15 |     process.nextTick(function() { throw err; });\n
2016-02-02T02:13:15 |     ^\n
2016-02-02T02:13:15 |     MongoError: Authentication failed.\n
2016-02-02T02:13:15 |     at Function.MongoError.create (/systemapic/dev/node_modules/mongoose/node_modules/mongodb/node_modules/mongodb-core/lib/error.js:31:11)\n
2016-02-02T02:13:15 |     at /systemapic/dev/node_modules/mongoose/node_modules/mongodb/node_modules/mongodb-core/lib/topologies/server.js:778:66\n
2016-02-02T02:13:15 |     at Callbacks.emit (/systemapic/dev/node_modules/mongoose/node_modules/mongodb/node_modules/mongodb-core/lib/topologies/server.js:95:3)\n
2016-02-02T02:13:15 |     at null.messageHandler (/systemapic/dev/node_modules/mongoose/node_modules/mongodb/node_modules/mongodb-core/lib/topologies/server.js:249:23)\n
2016-02-02T02:13:15 |     at Socket.<anonymous> (/systemapic/dev/node_modules/mongoose/node_modules/mongodb/node_modules/mongodb-core/lib/connection/connection.js:265:22)\n
2016-02-02T02:13:15 |     at Socket.emit (events.js:95:17)\n
2016-02-02T02:13:15 |     at Socket.<anonymous> (_stream_readable.js:765:14)\n
2016-02-02T02:13:15 |     at Socket.emit (events.js:92:17)\n
2016-02-02T02:13:15 |     at emitReadable_ (_stream_readable.js:427:10)\n
2016-02-02T02:13:15 |     at emitReadable (_stream_readable.js:423:5)\n
2016-02-02T02:13:15 |     at readableAddChunk (_stream_readable.js:166:9)\n
2016-02-02T02:13:15 |     at Socket.Readable.push (_stream_readable.js:128:10)\n
2016-02-02T02:13:15 |     at TCP.onread (net.js:529:21)\n
2016-02-02T02:13:15 |     \u001b[31m[nodemon] app crashed - waiting for file changes before starting...\u001b[39m\n











#######################################################################################
"/dev3_postgis_1"
#######################################################################################
#######################################################################################
2016-02-02T02:13:07 |     Starting PostGIS\n
2016-02-02T02:13:07 |     PostgreSQL Configuration:\n
2016-02-02T02:13:07 |     ====================================\n
2016-02-02T02:13:07 |     PostgreSQL version: 9.3\n
2016-02-02T02:13:07 |     PostgreSQL username: systemapic\n
2016-02-02T02:13:07 |     PostgreSQL auth: docker\n
2016-02-02T02:13:07 |     PostgreSQL database: systemapic\n
2016-02-02T02:13:07 |     ====================================\n
2016-02-02T02:13:08 |     --- Starting PostgreSQL 9.3\n
2016-02-02T02:13:08 |     Waiting for postgres start for restoring databases\n
2016-02-02T02:13:08 |     2016-02-02 02:13:08 UTC [12-1] LOG: database system was interrupted; last known up at 2016-02-02 02:08:59 UTC\n
2016-02-02T02:13:18 |     2016-02-02 02:13:18 UTC [22-1] postgres@postgres FATAL: the database system is starting up\n
2016-02-02T02:13:18 |     psql: FATAL: the database system is starting up\n
2016-02-02T02:13:28 |     2016-02-02 02:13:28 UTC [33-1] postgres@postgres FATAL: the database system is starting up\n
2016-02-02T02:13:28 |     psql: FATAL: the database system is starting up\n











#######################################################################################
"/dev3_redislayers_1"
#######################################################################################
#######################################################################################











#######################################################################################
"/dev3_redisstats_1"
#######################################################################################
#######################################################################################











#######################################################################################
"/dev3_redistemp_1"
#######################################################################################
#######################################################################################











#######################################################################################
"/dev3_mongo_1"
#######################################################################################
#######################################################################################
2016-02-02T02:13:04 |     Running MongDB start script!\n
2016-02-02T02:13:04 |     2016-02-02T02:13:04.047+0000 I CONTROL [initandlisten] MongoDB starting : pid=8 port=27017 dbpath=/data/db 64-bit host=f7f0442a9ebb\n
2016-02-02T02:13:04 |     2016-02-02T02:13:04.047+0000 I CONTROL [initandlisten] db version v3.2.1\n
2016-02-02T02:13:04 |     2016-02-02T02:13:04.047+0000 I CONTROL [initandlisten] git version: a14d55980c2cdc565d4704a7e3ad37e4e535c1b2\n
2016-02-02T02:13:04 |     2016-02-02T02:13:04.047+0000 I CONTROL [initandlisten] OpenSSL version: OpenSSL 1.0.1e 11 Feb 2013\n
2016-02-02T02:13:04 |     2016-02-02T02:13:04.047+0000 I CONTROL [initandlisten] allocator: tcmalloc\n
2016-02-02T02:13:04 |     2016-02-02T02:13:04.047+0000 I CONTROL [initandlisten] modules: none\n
2016-02-02T02:13:04 |     2016-02-02T02:13:04.047+0000 I CONTROL [initandlisten] build environment:\n
2016-02-02T02:13:04 |     2016-02-02T02:13:04.047+0000 I CONTROL [initandlisten] distmod: debian71\n
2016-02-02T02:13:04 |     2016-02-02T02:13:04.047+0000 I CONTROL [initandlisten] distarch: x86_64\n
2016-02-02T02:13:04 |     2016-02-02T02:13:04.047+0000 I CONTROL [initandlisten] target_arch: x86_64\n
2016-02-02T02:13:04 |     2016-02-02T02:13:04.047+0000 I CONTROL [initandlisten] options: { config: \/systemapic/config/mongod.conf\, net: { port: 27017 }, storage: { dbPath: \/data/db\ } }\n
2016-02-02T02:13:04 |     2016-02-02T02:13:04.057+0000 I - [initandlisten] Detected data files in /data/db created by the 'wiredTiger' storage engine, so setting the active storage engine to 'wiredTiger'.\n
2016-02-02T02:13:04 |     2016-02-02T02:13:04.057+0000 W - [initandlisten] Detected unclean shutdown - /data/db/mongod.lock is not empty.\n
2016-02-02T02:13:04 |     2016-02-02T02:13:04.057+0000 W STORAGE [initandlisten] Recovering data from the last clean checkpoint.\n
2016-02-02T02:13:04 |     2016-02-02T02:13:04.057+0000 I STORAGE [initandlisten] wiredtiger_open config: create,cache_size=18G,session_max=20000,eviction=(threads_max=4),config_base=false,statistics=(fast),log=(enabled=true,archive=true,path=journal,compressor=snappy),file_manager=(close_idle_time=100000),checkpoint=(wait=60,log_size=2GB),statistics_log=(wait=0),\n
2016-02-02T02:13:04 |     2016-02-02T02:13:04.842+0000 I CONTROL [initandlisten] build.sh Dockerfile get_logs.log init_mongo.js README.md start.sh WARNING: You are running this process as the root user, which is not recommended.\n
2016-02-02T02:13:04 |     2016-02-02T02:13:04.842+0000 I CONTROL [initandlisten] \n
2016-02-02T02:13:04 |     2016-02-02T02:13:04.843+0000 I CONTROL [initandlisten] \n
2016-02-02T02:13:04 |     2016-02-02T02:13:04.843+0000 I CONTROL [initandlisten] build.sh Dockerfile get_logs.log init_mongo.js README.md start.sh WARNING: /sys/kernel/mm/transparent_hugepage/defrag is 'always'.\n
2016-02-02T02:13:04 |     2016-02-02T02:13:04.843+0000 I CONTROL [initandlisten] build.sh Dockerfile get_logs.log init_mongo.js README.md start.sh We suggest setting it to 'never'\n
2016-02-02T02:13:04 |     2016-02-02T02:13:04.843+0000 I CONTROL [initandlisten] \n
2016-02-02T02:13:04 |     2016-02-02T02:13:04.845+0000 I FTDC [initandlisten] Initializing full-time diagnostic data capture with directory '/data/db/diagnostic.data'\n
2016-02-02T02:13:04 |     2016-02-02T02:13:04.845+0000 I NETWORK [HostnameCanonicalizationWorker] Starting hostname canonicalization worker\n
2016-02-02T02:13:04 |     2016-02-02T02:13:04.846+0000 I NETWORK [initandlisten] waiting for connections on port 27017\n
2016-02-02T02:13:05 |     2016-02-02T02:13:05.014+0000 I FTDC [ftdc] Unclean full-time diagnostic data capture shutdown detected, found interim file, some metrics may have been lost. OK\n
2016-02-02T02:13:07 |     Failed to initalize AUTH. Quitting!\n
2016-02-02T02:13:07 |     2016-02-02T02:13:07.062+0000 I NETWORK [initandlisten] connection accepted from 127.0.0.1:44180 #1 (1 connection now open)\n
2016-02-02T02:13:07 |     2016-02-02T02:13:07.063+0000 I NETWORK [conn1] end connection 127.0.0.1:44180 (0 connections now open)\n
2016-02-02T02:13:07 |     2016-02-02T02:13:07.065+0000 I CONTROL [signalProcessingThread] got signal 15 (Terminated), will terminate after current cmd ends\n
2016-02-02T02:13:07 |     2016-02-02T02:13:07.065+0000 I FTDC [signalProcessingThread] Shutting down full-time diagnostic data capture\n
2016-02-02T02:13:07 |     2016-02-02T02:13:07.066+0000 I CONTROL [signalProcessingThread] now exiting\n
2016-02-02T02:13:07 |     2016-02-02T02:13:07.066+0000 I NETWORK [signalProcessingThread] shutdown: going to close listening sockets...\n
2016-02-02T02:13:07 |     2016-02-02T02:13:07.066+0000 I NETWORK [signalProcessingThread] closing listening socket: 5\n
2016-02-02T02:13:07 |     2016-02-02T02:13:07.066+0000 I NETWORK [signalProcessingThread] closing listening socket: 6\n
2016-02-02T02:13:07 |     2016-02-02T02:13:07.066+0000 I NETWORK [signalProcessingThread] removing socket file: /tmp/mongodb-27017.sock\n
2016-02-02T02:13:07 |     2016-02-02T02:13:07.066+0000 I NETWORK [signalProcessingThread] shutdown: going to flush diaglog...\n
2016-02-02T02:13:07 |     2016-02-02T02:13:07.066+0000 I NETWORK [signalProcessingThread] shutdown: going to close sockets...\n
2016-02-02T02:13:07 |     2016-02-02T02:13:07.066+0000 I STORAGE [signalProcessingThread] WiredTigerKVEngine shutting down\n
2016-02-02T02:13:07 |     2016-02-02T02:13:07.559+0000 I STORAGE [signalProcessingThread] shutdown: removing fs lock...\n
2016-02-02T02:13:07 |     2016-02-02T02:13:07.559+0000 I CONTROL [signalProcessingThread] dbexit: rc: 0\n
2016-02-02T02:13:10 |     Starting MongoDB with AUTH\n
2016-02-02T02:13:10 |     2016-02-02T02:13:10.077+0000 I CONTROL [initandlisten] MongoDB starting : pid=35 port=27017 dbpath=/data/db 64-bit host=f7f0442a9ebb\n
2016-02-02T02:13:10 |     2016-02-02T02:13:10.077+0000 I CONTROL [initandlisten] db version v3.2.1\n
2016-02-02T02:13:10 |     2016-02-02T02:13:10.077+0000 I CONTROL [initandlisten] git version: a14d55980c2cdc565d4704a7e3ad37e4e535c1b2\n
2016-02-02T02:13:10 |     2016-02-02T02:13:10.077+0000 I CONTROL [initandlisten] OpenSSL version: OpenSSL 1.0.1e 11 Feb 2013\n
2016-02-02T02:13:10 |     2016-02-02T02:13:10.077+0000 I CONTROL [initandlisten] allocator: tcmalloc\n
2016-02-02T02:13:10 |     2016-02-02T02:13:10.077+0000 I CONTROL [initandlisten] modules: none\n
2016-02-02T02:13:10 |     2016-02-02T02:13:10.077+0000 I CONTROL [initandlisten] build environment:\n
2016-02-02T02:13:10 |     2016-02-02T02:13:10.077+0000 I CONTROL [initandlisten] distmod: debian71\n
2016-02-02T02:13:10 |     2016-02-02T02:13:10.077+0000 I CONTROL [initandlisten] distarch: x86_64\n
2016-02-02T02:13:10 |     2016-02-02T02:13:10.077+0000 I CONTROL [initandlisten] target_arch: x86_64\n
2016-02-02T02:13:10 |     2016-02-02T02:13:10.077+0000 I CONTROL [initandlisten] options: { config: \/systemapic/config/mongod.conf\, net: { port: 27017 }, security: { authorization: \enabled\ }, storage: { dbPath: \/data/db\ } }\n
2016-02-02T02:13:10 |     2016-02-02T02:13:10.086+0000 I - [initandlisten] Detected data files in /data/db created by the 'wiredTiger' storage engine, so setting the active storage engine to 'wiredTiger'.\n
2016-02-02T02:13:10 |     2016-02-02T02:13:10.086+0000 I STORAGE [initandlisten] wiredtiger_open config: create,cache_size=18G,session_max=20000,eviction=(threads_max=4),config_base=false,statistics=(fast),log=(enabled=true,archive=true,path=journal,compressor=snappy),file_manager=(close_idle_time=100000),checkpoint=(wait=60,log_size=2GB),statistics_log=(wait=0),\n
2016-02-02T02:13:11 |     2016-02-02T02:13:11.020+0000 I CONTROL [initandlisten] build.sh Dockerfile get_logs.log init_mongo.js README.md start.sh WARNING: You are running this process as the root user, which is not recommended.\n
2016-02-02T02:13:11 |     2016-02-02T02:13:11.020+0000 I CONTROL [initandlisten] \n
2016-02-02T02:13:11 |     2016-02-02T02:13:11.020+0000 I CONTROL [initandlisten] \n
2016-02-02T02:13:11 |     2016-02-02T02:13:11.020+0000 I CONTROL [initandlisten] build.sh Dockerfile get_logs.log init_mongo.js README.md start.sh WARNING: /sys/kernel/mm/transparent_hugepage/defrag is 'always'.\n
2016-02-02T02:13:11 |     2016-02-02T02:13:11.020+0000 I CONTROL [initandlisten] build.sh Dockerfile get_logs.log init_mongo.js README.md start.sh We suggest setting it to 'never'\n
2016-02-02T02:13:11 |     2016-02-02T02:13:11.020+0000 I CONTROL [initandlisten] \n
2016-02-02T02:13:11 |     2016-02-02T02:13:11.021+0000 I FTDC [initandlisten] Initializing full-time diagnostic data capture with directory '/data/db/diagnostic.data'\n
2016-02-02T02:13:11 |     2016-02-02T02:13:11.021+0000 I NETWORK [HostnameCanonicalizationWorker] Starting hostname canonicalization worker\n
2016-02-02T02:13:11 |     2016-02-02T02:13:11.021+0000 I NETWORK [initandlisten] waiting for connections on port 27017\n
2016-02-02T02:13:15 |     2016-02-02T02:13:15.430+0000 I NETWORK [initandlisten] connection accepted from 172.17.0.7:54426 #1 (1 connection now open)\n
2016-02-02T02:13:15 |     2016-02-02T02:13:15.431+0000 I NETWORK [initandlisten] connection accepted from 172.17.0.7:54427 #2 (2 connections now open)\n
2016-02-02T02:13:15 |     2016-02-02T02:13:15.433+0000 I NETWORK [initandlisten] connection accepted from 172.17.0.7:54428 #3 (3 connections now open)\n
2016-02-02T02:13:15 |     2016-02-02T02:13:15.434+0000 I NETWORK [initandlisten] connection accepted from 172.17.0.7:54429 #4 (4 connections now open)\n
2016-02-02T02:13:15 |     2016-02-02T02:13:15.435+0000 I NETWORK [initandlisten] connection accepted from 172.17.0.7:54430 #5 (5 connections now open)\n
2016-02-02T02:13:15 |     2016-02-02T02:13:15.440+0000 I ACCESS [conn1] SCRAM-SHA-1 authentication failed for systemapic on systemapic from client 172.17.0.2 ; UserNotFound Could not find user systemapic@systemapic\n
2016-02-02T02:13:15 |     2016-02-02T02:13:15.440+0000 I ACCESS [conn2] SCRAM-SHA-1 authentication failed for systemapic on systemapic from client 172.17.0.2 ; UserNotFound Could not find user systemapic@systemapic\n
2016-02-02T02:13:15 |     2016-02-02T02:13:15.440+0000 I ACCESS [conn3] SCRAM-SHA-1 authentication failed for systemapic on systemapic from client 172.17.0.2 ; UserNotFound Could not find user systemapic@systemapic\n
2016-02-02T02:13:15 |     2016-02-02T02:13:15.441+0000 I ACCESS [conn4] SCRAM-SHA-1 authentication failed for systemapic on systemapic from client 172.17.0.2 ; UserNotFound Could not find user systemapic@systemapic\n
2016-02-02T02:13:15 |     2016-02-02T02:13:15.441+0000 I ACCESS [conn5] SCRAM-SHA-1 authentication failed for systemapic on systemapic from client 172.17.0.2 ; UserNotFound Could not find user systemapic@systemapic\n
2016-02-02T02:13:15 |     2016-02-02T02:13:15.452+0000 I NETWORK [conn3] end connection 172.17.0.7:54428 (4 connections now open)\n
2016-02-02T02:13:15 |     2016-02-02T02:13:15.452+0000 I NETWORK [conn5] end connection 172.17.0.7:54430 (4 connections now open)\n
2016-02-02T02:13:15 |     2016-02-02T02:13:15.452+0000 I NETWORK [conn4] end connection 172.17.0.7:54429 (4 connections now open)\n
2016-02-02T02:13:15 |     2016-02-02T02:13:15.452+0000 I NETWORK [conn1] end connection 172.17.0.7:54426 (4 connections now open)\n
2016-02-02T02:13:15 |     2016-02-02T02:13:15.452+0000 I NETWORK [conn2] end connection 172.17.0.7:54427 (4 connections now open)\n











#######################################################################################
"/dev3_redistokens_1"
#######################################################################################
#######################################################################################











